<?xml version="1.0" encoding="UTF-8"?>
<!-- Generated by org.testng.reporters.JUnitXMLReporter -->
<testsuite hostname="ZIPLSY1664" ignored="0" name="TCC00VerifyAddcCard" tests="2" failures="0" timestamp="08 Nov 2017 06:39:46 GMT" time="38.544" errors="0">
  <testcase name="TCC00VerifyAddcCard" time="14.671" classname="LetsTrySelenium.Rainbow_Selenium_framework.RainbowHomePage.TCC00VerifyAddcCard"/>
  <testcase name="TCC00VerifyAddcCard" time="12.38" classname="LetsTrySelenium.Rainbow_Selenium_framework.RainbowHomePage.TCC00VerifyAddcCard"/>
</testsuite> <!-- TCC00VerifyAddcCard -->
