<?xml version="1.0" encoding="UTF-8"?>
<testng-results skipped="0" failed="2" ignored="0" total="2" passed="0">
  <reporter-output>
    <line>
      <![CDATA[ Test Startedorg.testng.TestRunner@2038ae61]]>
    </line>
    <line>
      <![CDATA[ Test Started[TestResult name=verifyDiscardCard status=STARTED method=TC001_verifyDiscardCard.verifyDiscardCard(java.lang.String, java.lang.String, java.lang.String, java.lang.String, java.lang.String)[pri:0, instance:LetsTrySelenium.Rainbow_Selenium_framework.RainbowHomePage.TC001_verifyDiscardCard@5bcab519] output={null}]]]>
    </line>
    <line>
      <![CDATA[<a href='C:\Users\aarti.kulkarni\workspace\Rainbow_Selenium_framework\src\main\java\LetsTrySelenium\Rainbow_Selenium_framework\customListner\verifyDiscardCardfailuer_10_11_2017_08_25_14.png'> <img src='C:\Users\aarti.kulkarni\workspace\Rainbow_Selenium_framework\src\main\java\LetsTrySelenium\Rainbow_Selenium_framework\customListner\verifyDiscardCardfailuer_10_11_2017_08_25_14.png'height='100' width ='100'/> </a>]]>
    </line>
    <line>
      <![CDATA[screenshot has been taken for verifyDiscardCard]]>
    </line>
    <line>
      <![CDATA[ Test Started[TestResult name=verifyDiscardCard status=STARTED method=TC001_verifyDiscardCard.verifyDiscardCard(java.lang.String, java.lang.String, java.lang.String, java.lang.String, java.lang.String)[pri:0, instance:LetsTrySelenium.Rainbow_Selenium_framework.RainbowHomePage.TC001_verifyDiscardCard@5bcab519] output={null}]]]>
    </line>
  </reporter-output>
  <suite name="LetsTrySelenium.Rainbow_Selenium_framework.RainbowHomePage" duration-ms="60043" started-at="2017-11-10T14:54:48Z" finished-at="2017-11-10T14:55:48Z">
    <groups>
    </groups>
    <test name="TC001_verifyDiscardCard" duration-ms="60043" started-at="2017-11-10T14:54:48Z" finished-at="2017-11-10T14:55:48Z">
      <class name="LetsTrySelenium.Rainbow_Selenium_framework.RainbowHomePage.TC001_verifyDiscardCard">
        <test-method status="PASS" signature="setup(java.lang.String, java.lang.String)[pri:0, instance:LetsTrySelenium.Rainbow_Selenium_framework.RainbowHomePage.TC001_verifyDiscardCard@5bcab519]" name="setup" is-config="true" duration-ms="8202" started-at="2017-11-10T20:24:48Z" finished-at="2017-11-10T20:24:57Z">
          <params>
            <param index="0">
              <value>
                <![CDATA[chrome]]>
              </value>
            </param>
            <param index="1">
              <value>
                <![CDATA[https://smtlogin.zycus.net/sso/login]]>
              </value>
            </param>
          </params>
          <reporter-output>
          </reporter-output>
        </test-method> <!-- setup -->
        <test-method status="FAIL" signature="verifyDiscardCard(java.lang.String, java.lang.String, java.lang.String, java.lang.String, java.lang.String)[pri:0, instance:LetsTrySelenium.Rainbow_Selenium_framework.RainbowHomePage.TC001_verifyDiscardCard@5bcab519]" name="verifyDiscardCard" duration-ms="16991" started-at="2017-11-10T20:24:57Z" data-provider="tesdata" finished-at="2017-11-10T20:25:14Z">
          <params>
            <param index="0">
              <value>
                <![CDATA[rainbow@zycus.com]]>
              </value>
            </param>
            <param index="1">
              <value>
                <![CDATA[eProc@333]]>
              </value>
            </param>
            <param index="2">
              <value>
                <![CDATA[Y]]>
              </value>
            </param>
            <param index="3">
              <value>
                <![CDATA[iRequest Cards]]>
              </value>
            </param>
            <param index="4">
              <value>
                <![CDATA[Manage Request records]]>
              </value>
            </param>
          </params>
          <exception class="org.openqa.selenium.TimeoutException">
            <message>
              <![CDATA[Expected condition failed: waiting for visibility of [[ChromeDriver: chrome on XP (9e25bc5d7040b20c4c330f6a4265a45a)] -> xpath: .//span[contains(text(),'Yes, Discard')]] (tried for 5 second(s) with 500 MILLISECONDS interval)
Build info: version: '3.4.0', revision: 'unknown', time: 'unknown'
System info: host: 'ZIPLSY1664', ip: '192.168.2.176', os.name: 'Windows 10', os.arch: 'amd64', os.version: '10.0', java.version: '1.8.0_121'
Driver info: org.openqa.selenium.chrome.ChromeDriver
Capabilities [{applicationCacheEnabled=false, rotatable=false, mobileEmulationEnabled=false, networkConnectionEnabled=false, chrome={chromedriverVersion=2.33.506120 (e3e53437346286c0bc2d2dc9aa4915ba81d9023f), userDataDir=C:\Users\AARTI~1.KUL\AppData\Local\Temp\scoped_dir60516_1776}, takesHeapSnapshot=true, pageLoadStrategy=normal, databaseEnabled=false, handlesAlerts=true, hasTouchScreen=false, version=62.0.3202.89, platform=XP, browserConnectionEnabled=false, nativeEvents=true, acceptSslCerts=true, locationContextEnabled=true, webStorageEnabled=true, browserName=chrome, takesScreenshot=true, javascriptEnabled=true, cssSelectorsEnabled=true, setWindowRect=true, unexpectedAlertBehaviour=}]
Session ID: 9e25bc5d7040b20c4c330f6a4265a45a]]>
            </message>
            <full-stacktrace>
              <![CDATA[org.openqa.selenium.TimeoutException: Expected condition failed: waiting for visibility of [[ChromeDriver: chrome on XP (9e25bc5d7040b20c4c330f6a4265a45a)] -> xpath: .//span[contains(text(),'Yes, Discard')]] (tried for 5 second(s) with 500 MILLISECONDS interval)
Build info: version: '3.4.0', revision: 'unknown', time: 'unknown'
System info: host: 'ZIPLSY1664', ip: '192.168.2.176', os.name: 'Windows 10', os.arch: 'amd64', os.version: '10.0', java.version: '1.8.0_121'
Driver info: org.openqa.selenium.chrome.ChromeDriver
Capabilities [{applicationCacheEnabled=false, rotatable=false, mobileEmulationEnabled=false, networkConnectionEnabled=false, chrome={chromedriverVersion=2.33.506120 (e3e53437346286c0bc2d2dc9aa4915ba81d9023f), userDataDir=C:\Users\AARTI~1.KUL\AppData\Local\Temp\scoped_dir60516_1776}, takesHeapSnapshot=true, pageLoadStrategy=normal, databaseEnabled=false, handlesAlerts=true, hasTouchScreen=false, version=62.0.3202.89, platform=XP, browserConnectionEnabled=false, nativeEvents=true, acceptSslCerts=true, locationContextEnabled=true, webStorageEnabled=true, browserName=chrome, takesScreenshot=true, javascriptEnabled=true, cssSelectorsEnabled=true, setWindowRect=true, unexpectedAlertBehaviour=}]
Session ID: 9e25bc5d7040b20c4c330f6a4265a45a
	at org.openqa.selenium.support.ui.WebDriverWait.timeoutException(WebDriverWait.java:80)
	at org.openqa.selenium.support.ui.FluentWait.until(FluentWait.java:232)
	at LetsTrySelenium.Rainbow_Selenium_framework.uiActions.RainbowHomePage.waitForElement(RainbowHomePage.java:168)
	at LetsTrySelenium.Rainbow_Selenium_framework.uiActions.RainbowHomePage.discard(RainbowHomePage.java:148)
	at LetsTrySelenium.Rainbow_Selenium_framework.RainbowHomePage.TC001_verifyDiscardCard.verifyDiscardCard(TC001_verifyDiscardCard.java:49)
	at sun.reflect.NativeMethodAccessorImpl.invoke0(Native Method)
	at sun.reflect.NativeMethodAccessorImpl.invoke(Unknown Source)
	at sun.reflect.DelegatingMethodAccessorImpl.invoke(Unknown Source)
	at java.lang.reflect.Method.invoke(Unknown Source)
	at org.testng.internal.MethodInvocationHelper.invokeMethod(MethodInvocationHelper.java:104)
	at org.testng.internal.Invoker.invokeMethod(Invoker.java:645)
	at org.testng.internal.Invoker.invokeTestMethod(Invoker.java:851)
	at org.testng.internal.Invoker.invokeTestMethods(Invoker.java:1177)
	at org.testng.internal.TestMethodWorker.invokeTestMethods(TestMethodWorker.java:129)
	at org.testng.internal.TestMethodWorker.run(TestMethodWorker.java:112)
	at org.testng.TestRunner.privateRun(TestRunner.java:756)
	at org.testng.TestRunner.run(TestRunner.java:610)
	at org.testng.SuiteRunner.runTest(SuiteRunner.java:387)
	at org.testng.SuiteRunner.runSequentially(SuiteRunner.java:382)
	at org.testng.SuiteRunner.privateRun(SuiteRunner.java:340)
	at org.testng.SuiteRunner.run(SuiteRunner.java:289)
	at org.testng.SuiteRunnerWorker.runSuite(SuiteRunnerWorker.java:52)
	at org.testng.SuiteRunnerWorker.run(SuiteRunnerWorker.java:86)
	at org.testng.TestNG.runSuitesSequentially(TestNG.java:1293)
	at org.testng.TestNG.runSuitesLocally(TestNG.java:1218)
	at org.testng.TestNG.runSuites(TestNG.java:1133)
	at org.testng.TestNG.run(TestNG.java:1104)
	at org.testng.remote.AbstractRemoteTestNG.run(AbstractRemoteTestNG.java:132)
	at org.testng.remote.RemoteTestNG.initAndRun(RemoteTestNG.java:230)
	at org.testng.remote.RemoteTestNG.main(RemoteTestNG.java:76)
]]>
            </full-stacktrace>
          </exception> <!-- org.openqa.selenium.TimeoutException -->
          <reporter-output>
            <line>
              <![CDATA[ Test Started[TestResult name=verifyDiscardCard status=STARTED method=TC001_verifyDiscardCard.verifyDiscardCard(java.lang.String, java.lang.String, java.lang.String, java.lang.String, java.lang.String)[pri:0, instance:LetsTrySelenium.Rainbow_Selenium_framework.RainbowHomePage.TC001_verifyDiscardCard@5bcab519] output={null}]]]>
            </line>
            <line>
              <![CDATA[<a href='C:\Users\aarti.kulkarni\workspace\Rainbow_Selenium_framework\src\main\java\LetsTrySelenium\Rainbow_Selenium_framework\customListner\verifyDiscardCardfailuer_10_11_2017_08_25_14.png'> <img src='C:\Users\aarti.kulkarni\workspace\Rainbow_Selenium_framework\src\main\java\LetsTrySelenium\Rainbow_Selenium_framework\customListner\verifyDiscardCardfailuer_10_11_2017_08_25_14.png'height='100' width ='100'/> </a>]]>
            </line>
            <line>
              <![CDATA[screenshot has been taken for verifyDiscardCard]]>
            </line>
          </reporter-output>
        </test-method> <!-- verifyDiscardCard -->
        <test-method status="FAIL" signature="verifyDiscardCard(java.lang.String, java.lang.String, java.lang.String, java.lang.String, java.lang.String)[pri:0, instance:LetsTrySelenium.Rainbow_Selenium_framework.RainbowHomePage.TC001_verifyDiscardCard@5bcab519]" name="verifyDiscardCard" duration-ms="29888" started-at="2017-11-10T20:25:14Z" data-provider="tesdata" finished-at="2017-11-10T20:25:44Z">
          <params>
            <param index="0">
              <value>
                <![CDATA[rainbow@zycus.com]]>
              </value>
            </param>
            <param index="1">
              <value>
                <![CDATA[eProc@333]]>
              </value>
            </param>
            <param index="2">
              <value>
                <![CDATA[Y]]>
              </value>
            </param>
            <param index="3">
              <value>
                <![CDATA[iRequest Cards]]>
              </value>
            </param>
            <param index="4">
              <value>
                <![CDATA[Manage Request records]]>
              </value>
            </param>
          </params>
          <exception class="java.lang.NullPointerException">
            <full-stacktrace>
              <![CDATA[java.lang.NullPointerException
	at sun.reflect.NativeMethodAccessorImpl.invoke0(Native Method)
	at sun.reflect.NativeMethodAccessorImpl.invoke(Unknown Source)
	at sun.reflect.DelegatingMethodAccessorImpl.invoke(Unknown Source)
	at java.lang.reflect.Method.invoke(Unknown Source)
	at org.openqa.selenium.support.pagefactory.internal.LocatingElementHandler.invoke(LocatingElementHandler.java:51)
	at com.sun.proxy.$Proxy8.click(Unknown Source)
	at LetsTrySelenium.Rainbow_Selenium_framework.uiActions.RainbowHomePage.loginApplication(RainbowHomePage.java:78)
	at LetsTrySelenium.Rainbow_Selenium_framework.RainbowHomePage.TC001_verifyDiscardCard.verifyDiscardCard(TC001_verifyDiscardCard.java:42)
	at sun.reflect.NativeMethodAccessorImpl.invoke0(Native Method)
	at sun.reflect.NativeMethodAccessorImpl.invoke(Unknown Source)
	at sun.reflect.DelegatingMethodAccessorImpl.invoke(Unknown Source)
	at java.lang.reflect.Method.invoke(Unknown Source)
	at org.testng.internal.MethodInvocationHelper.invokeMethod(MethodInvocationHelper.java:104)
	at org.testng.internal.Invoker.invokeMethod(Invoker.java:645)
	at org.testng.internal.Invoker.invokeTestMethod(Invoker.java:851)
	at org.testng.internal.Invoker.invokeTestMethods(Invoker.java:1177)
	at org.testng.internal.TestMethodWorker.invokeTestMethods(TestMethodWorker.java:129)
	at org.testng.internal.TestMethodWorker.run(TestMethodWorker.java:112)
	at org.testng.TestRunner.privateRun(TestRunner.java:756)
	at org.testng.TestRunner.run(TestRunner.java:610)
	at org.testng.SuiteRunner.runTest(SuiteRunner.java:387)
	at org.testng.SuiteRunner.runSequentially(SuiteRunner.java:382)
	at org.testng.SuiteRunner.privateRun(SuiteRunner.java:340)
	at org.testng.SuiteRunner.run(SuiteRunner.java:289)
	at org.testng.SuiteRunnerWorker.runSuite(SuiteRunnerWorker.java:52)
	at org.testng.SuiteRunnerWorker.run(SuiteRunnerWorker.java:86)
	at org.testng.TestNG.runSuitesSequentially(TestNG.java:1293)
	at org.testng.TestNG.runSuitesLocally(TestNG.java:1218)
	at org.testng.TestNG.runSuites(TestNG.java:1133)
	at org.testng.TestNG.run(TestNG.java:1104)
	at org.testng.remote.AbstractRemoteTestNG.run(AbstractRemoteTestNG.java:132)
	at org.testng.remote.RemoteTestNG.initAndRun(RemoteTestNG.java:230)
	at org.testng.remote.RemoteTestNG.main(RemoteTestNG.java:76)
]]>
            </full-stacktrace>
          </exception> <!-- java.lang.NullPointerException -->
          <reporter-output>
            <line>
              <![CDATA[ Test Started[TestResult name=verifyDiscardCard status=STARTED method=TC001_verifyDiscardCard.verifyDiscardCard(java.lang.String, java.lang.String, java.lang.String, java.lang.String, java.lang.String)[pri:0, instance:LetsTrySelenium.Rainbow_Selenium_framework.RainbowHomePage.TC001_verifyDiscardCard@5bcab519] output={null}]]]>
            </line>
          </reporter-output>
        </test-method> <!-- verifyDiscardCard -->
      </class> <!-- LetsTrySelenium.Rainbow_Selenium_framework.RainbowHomePage.TC001_verifyDiscardCard -->
    </test> <!-- TC001_verifyDiscardCard -->
  </suite> <!-- LetsTrySelenium.Rainbow_Selenium_framework.RainbowHomePage -->
</testng-results>
