<?xml version="1.0" encoding="UTF-8"?>
<!-- Generated by org.testng.reporters.JUnitXMLReporter -->
<testsuite hostname="ZIPLSY1664" ignored="0" name="Tc00_VerifyLogin" tests="1" failures="1" timestamp="07 Nov 2017 09:32:41 GMT" time="11.567" errors="0">
  <testcase name="verifyLogin" time="0.0" classname="LetsTrySelenium.Rainbow_Selenium_framework.TmsLoginPage.Tc00_VerifyLogin">
    <failure type="org.testng.TestNGException" message="
Data Provider public java.util.ArrayList LetsTrySelenium.Rainbow_Selenium_framework.TmsLoginPage.Tc00_VerifyLogin.getTestData() throws java.io.IOException must return either Object[][] or Iterator&amp;lt;Object&amp;gt;[], not class java.util.ArrayList">
      <![CDATA[org.testng.TestNGException: 
Data Provider public java.util.ArrayList LetsTrySelenium.Rainbow_Selenium_framework.TmsLoginPage.Tc00_VerifyLogin.getTestData() throws java.io.IOException must return either Object[][] or Iterator<Object>[], not class java.util.ArrayList
... Removed 22 stack frames]]>
    </failure>
  </testcase> <!-- verifyLogin -->
</testsuite> <!-- Tc00_VerifyLogin -->
