<?xml version="1.0" encoding="UTF-8"?>
<!-- Generated by org.testng.reporters.JUnitXMLReporter -->
<testsuite hostname="ZIPLSY1664" ignored="0" name="TCC00VerifyAddcCard" tests="1" failures="0" timestamp="06 Nov 2017 08:12:39 GMT" time="0.031" errors="0">
  <testcase name="@BeforeTest setup" time="0.0" classname="LetsTrySelenium.Rainbow_Selenium_framework.RainbowHomePage.TCC00VerifyAddcCard">
    <failure type="java.lang.Error" message="Unresolved compilation problem: 
	The method init(String, String) in the type TestBase is not applicable for the arguments ()
">
      <![CDATA[java.lang.Error: Unresolved compilation problem: 
	The method init(String, String) in the type TestBase is not applicable for the arguments ()

	at LetsTrySelenium.Rainbow_Selenium_framework.RainbowHomePage.TCC00VerifyAddcCard.setup(TCC00VerifyAddcCard.java:20)
... Removed 23 stack frames]]>
    </failure>
  </testcase> <!-- @BeforeTest setup -->
  <testcase name="@AfterClass endTest" time="0.0" classname="LetsTrySelenium.Rainbow_Selenium_framework.RainbowHomePage.TCC00VerifyAddcCard">
    <skipped/>
  </testcase> <!-- @AfterClass endTest -->
  <testcase name="TCC00VerifyAddcCard" time="0.0" classname="LetsTrySelenium.Rainbow_Selenium_framework.RainbowHomePage.TCC00VerifyAddcCard">
    <skipped/>
  </testcase> <!-- TCC00VerifyAddcCard -->
</testsuite> <!-- TCC00VerifyAddcCard -->
